<?xml version="1.0" encoding="UTF-8"?>
<!-- Generated by org.testng.reporters.JUnitReportReporter -->
<testsuite hostname="DESKTOP-3LDNA0M" failures="0" tests="1" name="Com.testpractice.testCases.TC_searchProduct" time="28.246" errors="0" timestamp="14 May 2022 14:52:33 GMT" skipped="0">
  <testcase classname="Com.testpractice.testCases.TC_searchProduct" name="SearchProductTest" time="28.246"/>
</testsuite> <!-- Com.testpractice.testCases.TC_searchProduct -->
